<?xml version="1.0" encoding="UTF-8"?>
<TestRun id="9e2797f8-5144-4a95-b51a-afff70f4ae12" name="mhurtado@YOCASTA 2012-06-25 12:54:10" runUser="DEVELOPMENT\mhurtado" xmlns="http://microsoft.com/schemas/VisualStudio/TeamTest/2010">
  <TestSettings name="Local" id="783fbb92-17d2-4770-97b9-4a9f3d3cf025">
    <Description>These are default test settings for a local test run.</Description>
    <Deployment enabled="false" runDeploymentRoot="mhurtado_YOCASTA 2012-06-25 12_54_10">
      <DeploymentItem filename="C:\Users\mhurtado\Desktop\Kata01-Mickey\Kata002\Kata002\bin\Debug\Kata002.exe" />
    </Deployment>
    <Execution>
      <TestTypeSpecific />
      <AgentRule name="Execution Agents">
      </AgentRule>
    </Execution>
  </TestSettings>
  <Times creation="2012-06-25T12:54:10.5069967-05:00" queuing="2012-06-25T12:54:11.8779967-05:00" start="2012-06-25T12:54:12.0669967-05:00" finish="2012-06-25T12:54:13.5439967-05:00" />
  <ResultSummary outcome="Completed">
    <Counters total="3" executed="3" passed="3" error="0" failed="0" timeout="0" aborted="0" inconclusive="0" passedButRunAborted="0" notRunnable="0" notExecuted="0" disconnected="0" warning="0" completed="0" inProgress="0" pending="0" />
  </ResultSummary>
  <TestDefinitions>
    <UnitTest name="pintarminaTest" storage="c:\users\mhurtado\desktop\kata01-mickey\kata002\test_minas\bin\debug\test_minas.dll" id="9d6f3f4e-c8c5-ba67-97b3-afec6c7f3f07">
      <Execution id="aad6ac82-83e8-4700-81dd-9db45a7d3996" />
      <TestMethod codeBase="C:/Users/mhurtado/Desktop/Kata01-Mickey/Kata002/Test_Minas/bin/Debug/Test_Minas.DLL" adapterTypeName="Microsoft.VisualStudio.TestTools.TestTypes.Unit.UnitTestAdapter, Microsoft.VisualStudio.QualityTools.Tips.UnitTest.Adapter, Version=10.0.0.0, Culture=neutral, PublicKeyToken=b03f5f7f11d50a3a" className="Test_Minas.ProgramTest, Test_Minas, Version=1.0.0.0, Culture=neutral, PublicKeyToken=null" name="pintarminaTest" />
    </UnitTest>
    <UnitTest name="inicializarmatrizTest" storage="c:\users\mhurtado\desktop\kata01-mickey\kata002\test_minas\bin\debug\test_minas.dll" id="03a6c41c-65e0-f01c-ebea-30c16b57aeff">
      <Execution id="f82638d4-cd6f-4e18-a533-bee7caffece4" />
      <TestMethod codeBase="C:/Users/mhurtado/Desktop/Kata01-Mickey/Kata002/Test_Minas/bin/Debug/Test_Minas.DLL" adapterTypeName="Microsoft.VisualStudio.TestTools.TestTypes.Unit.UnitTestAdapter, Microsoft.VisualStudio.QualityTools.Tips.UnitTest.Adapter, Version=10.0.0.0, Culture=neutral, PublicKeyToken=b03f5f7f11d50a3a" className="Test_Minas.ProgramTest, Test_Minas, Version=1.0.0.0, Culture=neutral, PublicKeyToken=null" name="inicializarmatrizTest" />
    </UnitTest>
    <UnitTest name="sumarTest" storage="c:\users\mhurtado\desktop\kata01-mickey\kata002\test_minas\bin\debug\test_minas.dll" id="5561c439-459f-0de6-c811-a0fe40ad59de">
      <Execution id="167b91e1-7340-4ff0-8315-598ad0532670" />
      <TestMethod codeBase="C:/Users/mhurtado/Desktop/Kata01-Mickey/Kata002/Test_Minas/bin/Debug/Test_Minas.DLL" adapterTypeName="Microsoft.VisualStudio.TestTools.TestTypes.Unit.UnitTestAdapter, Microsoft.VisualStudio.QualityTools.Tips.UnitTest.Adapter, Version=10.0.0.0, Culture=neutral, PublicKeyToken=b03f5f7f11d50a3a" className="Test_Minas.ProgramTest, Test_Minas, Version=1.0.0.0, Culture=neutral, PublicKeyToken=null" name="sumarTest" />
    </UnitTest>
  </TestDefinitions>
  <TestLists>
    <TestList name="Results Not in a List" id="8c84fa94-04c1-424b-9868-57a2d4851a1d" />
    <TestList name="All Loaded Results" id="19431567-8539-422a-85d7-44ee4e166bda" />
  </TestLists>
  <TestEntries>
    <TestEntry testId="03a6c41c-65e0-f01c-ebea-30c16b57aeff" executionId="f82638d4-cd6f-4e18-a533-bee7caffece4" testListId="8c84fa94-04c1-424b-9868-57a2d4851a1d" />
    <TestEntry testId="9d6f3f4e-c8c5-ba67-97b3-afec6c7f3f07" executionId="aad6ac82-83e8-4700-81dd-9db45a7d3996" testListId="8c84fa94-04c1-424b-9868-57a2d4851a1d" />
    <TestEntry testId="5561c439-459f-0de6-c811-a0fe40ad59de" executionId="167b91e1-7340-4ff0-8315-598ad0532670" testListId="8c84fa94-04c1-424b-9868-57a2d4851a1d" />
  </TestEntries>
  <Results>
    <UnitTestResult executionId="f82638d4-cd6f-4e18-a533-bee7caffece4" testId="03a6c41c-65e0-f01c-ebea-30c16b57aeff" testName="inicializarmatrizTest" computerName="YOCASTA" duration="00:00:00.0384539" startTime="2012-06-25T12:54:12.1559967-05:00" endTime="2012-06-25T12:54:13.3749967-05:00" testType="13cdc9d9-ddb5-4fa4-a97d-d965ccfc6d4b" outcome="Passed" testListId="8c84fa94-04c1-424b-9868-57a2d4851a1d" relativeResultsDirectory="f82638d4-cd6f-4e18-a533-bee7caffece4">
      <Output>
        <StdOut>hola mina
fila: 0
fila: -1
fila: 0
fila: 0
fila: -1
fila: 0
fila: 0
fila: 0
fila: 0</StdOut>
      </Output>
    </UnitTestResult>
    <UnitTestResult executionId="aad6ac82-83e8-4700-81dd-9db45a7d3996" testId="9d6f3f4e-c8c5-ba67-97b3-afec6c7f3f07" testName="pintarminaTest" computerName="YOCASTA" duration="00:00:00.0002240" startTime="2012-06-25T12:54:13.4059967-05:00" endTime="2012-06-25T12:54:13.4269967-05:00" testType="13cdc9d9-ddb5-4fa4-a97d-d965ccfc6d4b" outcome="Passed" testListId="8c84fa94-04c1-424b-9868-57a2d4851a1d" relativeResultsDirectory="aad6ac82-83e8-4700-81dd-9db45a7d3996">
      <Output>
        <StdOut>hola mina
fila: 0
fila: -1
fila: 0
fila: 0
fila: -1
fila: 0
fila: 0
fila: 0
fila: 0</StdOut>
      </Output>
    </UnitTestResult>
    <UnitTestResult executionId="167b91e1-7340-4ff0-8315-598ad0532670" testId="5561c439-459f-0de6-c811-a0fe40ad59de" testName="sumarTest" computerName="YOCASTA" duration="00:00:00.0010903" startTime="2012-06-25T12:54:13.4509967-05:00" endTime="2012-06-25T12:54:13.4689967-05:00" testType="13cdc9d9-ddb5-4fa4-a97d-d965ccfc6d4b" outcome="Passed" testListId="8c84fa94-04c1-424b-9868-57a2d4851a1d" relativeResultsDirectory="167b91e1-7340-4ff0-8315-598ad0532670">
    </UnitTestResult>
  </Results>
</TestRun>