<?xml version="1.0" encoding="UTF-8"?>
<TestRun id="945ab932-e56f-4528-942a-d8d3334f6adc" name="mhurtado@YOCASTA 2012-06-25 12:44:46" runUser="DEVELOPMENT\mhurtado" xmlns="http://microsoft.com/schemas/VisualStudio/TeamTest/2010">
  <TestSettings name="Local" id="783fbb92-17d2-4770-97b9-4a9f3d3cf025">
    <Description>These are default test settings for a local test run.</Description>
    <Deployment enabled="false" runDeploymentRoot="mhurtado_YOCASTA 2012-06-25 12_44_46">
      <DeploymentItem filename="C:\Users\mhurtado\Desktop\Kata01-Mickey\Kata002\Kata002\bin\Debug\Kata002.exe" />
    </Deployment>
    <Execution>
      <TestTypeSpecific />
      <AgentRule name="Execution Agents">
      </AgentRule>
    </Execution>
  </TestSettings>
  <Times creation="2012-06-25T12:44:46.9209967-05:00" queuing="2012-06-25T12:44:47.1859967-05:00" start="2012-06-25T12:44:47.2459967-05:00" finish="2012-06-25T12:44:47.6749967-05:00" />
  <ResultSummary outcome="Completed">
    <Counters total="3" executed="3" passed="3" error="0" failed="0" timeout="0" aborted="0" inconclusive="0" passedButRunAborted="0" notRunnable="0" notExecuted="0" disconnected="0" warning="0" completed="0" inProgress="0" pending="0" />
  </ResultSummary>
  <TestDefinitions>
    <UnitTest name="pintarminaTest" storage="c:\users\mhurtado\desktop\kata01-mickey\kata002\test_minas\bin\debug\test_minas.dll" id="9d6f3f4e-c8c5-ba67-97b3-afec6c7f3f07">
      <Execution id="2859e847-cc26-4389-9930-ed805fb0794c" />
      <TestMethod codeBase="C:/Users/mhurtado/Desktop/Kata01-Mickey/Kata002/Test_Minas/bin/Debug/Test_Minas.DLL" adapterTypeName="Microsoft.VisualStudio.TestTools.TestTypes.Unit.UnitTestAdapter, Microsoft.VisualStudio.QualityTools.Tips.UnitTest.Adapter, Version=10.0.0.0, Culture=neutral, PublicKeyToken=b03f5f7f11d50a3a" className="Test_Minas.ProgramTest, Test_Minas, Version=1.0.0.0, Culture=neutral, PublicKeyToken=null" name="pintarminaTest" />
    </UnitTest>
    <UnitTest name="sumarTest" storage="c:\users\mhurtado\desktop\kata01-mickey\kata002\test_minas\bin\debug\test_minas.dll" id="5561c439-459f-0de6-c811-a0fe40ad59de">
      <Execution id="f850d952-8376-4883-a3d7-1fc011c33c21" />
      <TestMethod codeBase="C:/Users/mhurtado/Desktop/Kata01-Mickey/Kata002/Test_Minas/bin/Debug/Test_Minas.DLL" adapterTypeName="Microsoft.VisualStudio.TestTools.TestTypes.Unit.UnitTestAdapter, Microsoft.VisualStudio.QualityTools.Tips.UnitTest.Adapter, Version=10.0.0.0, Culture=neutral, PublicKeyToken=b03f5f7f11d50a3a" className="Test_Minas.ProgramTest, Test_Minas, Version=1.0.0.0, Culture=neutral, PublicKeyToken=null" name="sumarTest" />
    </UnitTest>
    <UnitTest name="inicializarmatrizTest" storage="c:\users\mhurtado\desktop\kata01-mickey\kata002\test_minas\bin\debug\test_minas.dll" id="03a6c41c-65e0-f01c-ebea-30c16b57aeff">
      <Execution id="84a9d525-8f09-4134-a81c-d767a410a247" />
      <TestMethod codeBase="C:/Users/mhurtado/Desktop/Kata01-Mickey/Kata002/Test_Minas/bin/Debug/Test_Minas.DLL" adapterTypeName="Microsoft.VisualStudio.TestTools.TestTypes.Unit.UnitTestAdapter, Microsoft.VisualStudio.QualityTools.Tips.UnitTest.Adapter, Version=10.0.0.0, Culture=neutral, PublicKeyToken=b03f5f7f11d50a3a" className="Test_Minas.ProgramTest, Test_Minas, Version=1.0.0.0, Culture=neutral, PublicKeyToken=null" name="inicializarmatrizTest" />
    </UnitTest>
  </TestDefinitions>
  <TestLists>
    <TestList name="Results Not in a List" id="8c84fa94-04c1-424b-9868-57a2d4851a1d" />
    <TestList name="All Loaded Results" id="19431567-8539-422a-85d7-44ee4e166bda" />
  </TestLists>
  <TestEntries>
    <TestEntry testId="03a6c41c-65e0-f01c-ebea-30c16b57aeff" executionId="84a9d525-8f09-4134-a81c-d767a410a247" testListId="8c84fa94-04c1-424b-9868-57a2d4851a1d" />
    <TestEntry testId="5561c439-459f-0de6-c811-a0fe40ad59de" executionId="f850d952-8376-4883-a3d7-1fc011c33c21" testListId="8c84fa94-04c1-424b-9868-57a2d4851a1d" />
    <TestEntry testId="9d6f3f4e-c8c5-ba67-97b3-afec6c7f3f07" executionId="2859e847-cc26-4389-9930-ed805fb0794c" testListId="8c84fa94-04c1-424b-9868-57a2d4851a1d" />
  </TestEntries>
  <Results>
    <UnitTestResult executionId="84a9d525-8f09-4134-a81c-d767a410a247" testId="03a6c41c-65e0-f01c-ebea-30c16b57aeff" testName="inicializarmatrizTest" computerName="YOCASTA" duration="00:00:00.0145435" startTime="2012-06-25T12:44:47.2759967-05:00" endTime="2012-06-25T12:44:47.6279967-05:00" testType="13cdc9d9-ddb5-4fa4-a97d-d965ccfc6d4b" outcome="Passed" testListId="8c84fa94-04c1-424b-9868-57a2d4851a1d" relativeResultsDirectory="84a9d525-8f09-4134-a81c-d767a410a247">
      <Output>
        <StdOut>hola mina
fila: 0
fila: -1
fila: 0
fila: 0
fila: -1
fila: 0
fila: 0
fila: 0
fila: 0</StdOut>
      </Output>
    </UnitTestResult>
    <UnitTestResult executionId="f850d952-8376-4883-a3d7-1fc011c33c21" testId="5561c439-459f-0de6-c811-a0fe40ad59de" testName="sumarTest" computerName="YOCASTA" duration="00:00:00.0010027" startTime="2012-06-25T12:44:47.6329967-05:00" endTime="2012-06-25T12:44:47.6379967-05:00" testType="13cdc9d9-ddb5-4fa4-a97d-d965ccfc6d4b" outcome="Passed" testListId="8c84fa94-04c1-424b-9868-57a2d4851a1d" relativeResultsDirectory="f850d952-8376-4883-a3d7-1fc011c33c21">
    </UnitTestResult>
    <UnitTestResult executionId="2859e847-cc26-4389-9930-ed805fb0794c" testId="9d6f3f4e-c8c5-ba67-97b3-afec6c7f3f07" testName="pintarminaTest" computerName="YOCASTA" duration="00:00:00.0001789" startTime="2012-06-25T12:44:47.6409967-05:00" endTime="2012-06-25T12:44:47.6439967-05:00" testType="13cdc9d9-ddb5-4fa4-a97d-d965ccfc6d4b" outcome="Passed" testListId="8c84fa94-04c1-424b-9868-57a2d4851a1d" relativeResultsDirectory="2859e847-cc26-4389-9930-ed805fb0794c">
      <Output>
        <StdOut>hola mina
fila: 0
fila: -1
fila: 0
fila: 0
fila: -1
fila: 0
fila: 0
fila: 0
fila: 0</StdOut>
      </Output>
    </UnitTestResult>
  </Results>
</TestRun>