<?xml version="1.0" encoding="UTF-8"?>
<TestRun id="5971559a-f4b1-4e48-9f00-606507fbfcfc" name="mhurtado@YOCASTA 2012-06-25 13:53:44" runUser="DEVELOPMENT\mhurtado" xmlns="http://microsoft.com/schemas/VisualStudio/TeamTest/2010">
  <TestSettings name="Local" id="783fbb92-17d2-4770-97b9-4a9f3d3cf025">
    <Description>These are default test settings for a local test run.</Description>
    <Deployment enabled="false" runDeploymentRoot="mhurtado_YOCASTA 2012-06-25 13_53_44">
      <DeploymentItem filename="C:\Users\mhurtado\Desktop\Kata01-Mickey\Kata002\Kata002\bin\Debug\Kata002.exe" />
    </Deployment>
    <Execution>
      <TestTypeSpecific />
      <AgentRule name="Execution Agents">
      </AgentRule>
    </Execution>
  </TestSettings>
  <Times creation="2012-06-25T13:53:44.5579967-05:00" queuing="2012-06-25T13:53:44.7969967-05:00" start="2012-06-25T13:53:44.8429967-05:00" finish="2012-06-25T13:53:45.2439967-05:00" />
  <ResultSummary outcome="Completed">
    <Counters total="1" executed="1" passed="1" error="0" failed="0" timeout="0" aborted="0" inconclusive="0" passedButRunAborted="0" notRunnable="0" notExecuted="0" disconnected="0" warning="0" completed="0" inProgress="0" pending="0" />
  </ResultSummary>
  <TestDefinitions>
    <UnitTest name="pintarminaTest" storage="c:\users\mhurtado\desktop\kata01-mickey\kata002\test_minas\bin\debug\test_minas.dll" id="9d6f3f4e-c8c5-ba67-97b3-afec6c7f3f07">
      <Execution id="70dd9b96-60d4-4942-8865-22b6275dbcb3" />
      <TestMethod codeBase="C:/Users/mhurtado/Desktop/Kata01-Mickey/Kata002/Test_Minas/bin/Debug/Test_Minas.DLL" adapterTypeName="Microsoft.VisualStudio.TestTools.TestTypes.Unit.UnitTestAdapter, Microsoft.VisualStudio.QualityTools.Tips.UnitTest.Adapter, Version=10.0.0.0, Culture=neutral, PublicKeyToken=b03f5f7f11d50a3a" className="Test_Minas.ProgramTest, Test_Minas, Version=1.0.0.0, Culture=neutral, PublicKeyToken=null" name="pintarminaTest" />
    </UnitTest>
  </TestDefinitions>
  <TestLists>
    <TestList name="Results Not in a List" id="8c84fa94-04c1-424b-9868-57a2d4851a1d" />
    <TestList name="All Loaded Results" id="19431567-8539-422a-85d7-44ee4e166bda" />
  </TestLists>
  <TestEntries>
    <TestEntry testId="9d6f3f4e-c8c5-ba67-97b3-afec6c7f3f07" executionId="70dd9b96-60d4-4942-8865-22b6275dbcb3" testListId="8c84fa94-04c1-424b-9868-57a2d4851a1d" />
  </TestEntries>
  <Results>
    <UnitTestResult executionId="70dd9b96-60d4-4942-8865-22b6275dbcb3" testId="9d6f3f4e-c8c5-ba67-97b3-afec6c7f3f07" testName="pintarminaTest" computerName="YOCASTA" duration="00:00:00.0145747" startTime="2012-06-25T13:53:44.8749967-05:00" endTime="2012-06-25T13:53:45.2099967-05:00" testType="13cdc9d9-ddb5-4fa4-a97d-d965ccfc6d4b" outcome="Passed" testListId="8c84fa94-04c1-424b-9868-57a2d4851a1d" relativeResultsDirectory="70dd9b96-60d4-4942-8865-22b6275dbcb3">
      <Output>
        <StdOut>fila: -1
fila: -1
fila: 0
fila: 0
fila: -1
fila: 0
fila: 0
fila: 0
fila: 0</StdOut>
      </Output>
    </UnitTestResult>
  </Results>
</TestRun>