<?xml version="1.0" encoding="UTF-8"?>
<TestRun id="e64ce0d1-3cd4-4502-b717-513f1637417e" name="mhurtado@YOCASTA 2012-06-25 12:52:20" runUser="DEVELOPMENT\mhurtado" xmlns="http://microsoft.com/schemas/VisualStudio/TeamTest/2010">
  <TestSettings name="Local" id="783fbb92-17d2-4770-97b9-4a9f3d3cf025">
    <Description>These are default test settings for a local test run.</Description>
    <Deployment enabled="false" runDeploymentRoot="mhurtado_YOCASTA 2012-06-25 12_52_20">
      <DeploymentItem filename="C:\Users\mhurtado\Desktop\Kata01-Mickey\Kata002\Kata002\bin\Debug\Kata002.exe" />
    </Deployment>
    <Execution>
      <TestTypeSpecific />
      <AgentRule name="Execution Agents">
      </AgentRule>
    </Execution>
  </TestSettings>
  <Times creation="2012-06-25T12:52:20.5689967-05:00" queuing="2012-06-25T12:52:21.7749967-05:00" start="2012-06-25T12:52:21.9669967-05:00" finish="2012-06-25T12:53:21.2089967-05:00" />
  <ResultSummary outcome="Error">
    <Counters total="3" executed="1" error="0" failed="0" timeout="0" aborted="1" inconclusive="0" passedButRunAborted="0" notRunnable="0" notExecuted="2" disconnected="0" warning="0" passed="0" completed="0" inProgress="0" pending="0" />
    <RunInfos>
      <RunInfo computerName="YOCASTA" outcome="Error" timestamp="2012-06-25T12:53:21.1999967-05:00">
        <Text>Test host process exited unexpectedly.</Text>
      </RunInfo>
    </RunInfos>
  </ResultSummary>
  <TestDefinitions>
    <UnitTest name="pintarminaTest" storage="c:\users\mhurtado\desktop\kata01-mickey\kata002\test_minas\bin\debug\test_minas.dll" id="9d6f3f4e-c8c5-ba67-97b3-afec6c7f3f07">
      <Execution id="3b7d52ba-06db-455f-a1d3-cbaa7ba87413" />
      <TestMethod codeBase="C:/Users/mhurtado/Desktop/Kata01-Mickey/Kata002/Test_Minas/bin/Debug/Test_Minas.DLL" adapterTypeName="Microsoft.VisualStudio.TestTools.TestTypes.Unit.UnitTestAdapter, Microsoft.VisualStudio.QualityTools.Tips.UnitTest.Adapter, Version=10.0.0.0, Culture=neutral, PublicKeyToken=b03f5f7f11d50a3a" className="Test_Minas.ProgramTest, Test_Minas, Version=1.0.0.0, Culture=neutral, PublicKeyToken=null" name="pintarminaTest" />
    </UnitTest>
    <UnitTest name="inicializarmatrizTest" storage="c:\users\mhurtado\desktop\kata01-mickey\kata002\test_minas\bin\debug\test_minas.dll" id="03a6c41c-65e0-f01c-ebea-30c16b57aeff">
      <Execution id="7355ceb1-eb6c-4ec1-8016-51445754754a" />
      <TestMethod codeBase="C:/Users/mhurtado/Desktop/Kata01-Mickey/Kata002/Test_Minas/bin/Debug/Test_Minas.DLL" adapterTypeName="Microsoft.VisualStudio.TestTools.TestTypes.Unit.UnitTestAdapter, Microsoft.VisualStudio.QualityTools.Tips.UnitTest.Adapter, Version=10.0.0.0, Culture=neutral, PublicKeyToken=b03f5f7f11d50a3a" className="Test_Minas.ProgramTest, Test_Minas, Version=1.0.0.0, Culture=neutral, PublicKeyToken=null" name="inicializarmatrizTest" />
    </UnitTest>
    <UnitTest name="sumarTest" storage="c:\users\mhurtado\desktop\kata01-mickey\kata002\test_minas\bin\debug\test_minas.dll" id="5561c439-459f-0de6-c811-a0fe40ad59de">
      <Execution id="43ab464c-7d1f-4e8b-b74c-32410ec619f0" />
      <TestMethod codeBase="C:/Users/mhurtado/Desktop/Kata01-Mickey/Kata002/Test_Minas/bin/Debug/Test_Minas.DLL" adapterTypeName="Microsoft.VisualStudio.TestTools.TestTypes.Unit.UnitTestAdapter, Microsoft.VisualStudio.QualityTools.Tips.UnitTest.Adapter, Version=10.0.0.0, Culture=neutral, PublicKeyToken=b03f5f7f11d50a3a" className="Test_Minas.ProgramTest, Test_Minas, Version=1.0.0.0, Culture=neutral, PublicKeyToken=null" name="sumarTest" />
    </UnitTest>
  </TestDefinitions>
  <TestLists>
    <TestList name="Results Not in a List" id="8c84fa94-04c1-424b-9868-57a2d4851a1d" />
    <TestList name="All Loaded Results" id="19431567-8539-422a-85d7-44ee4e166bda" />
  </TestLists>
  <TestEntries>
    <TestEntry testId="03a6c41c-65e0-f01c-ebea-30c16b57aeff" executionId="7355ceb1-eb6c-4ec1-8016-51445754754a" testListId="8c84fa94-04c1-424b-9868-57a2d4851a1d" />
    <TestEntry testId="9d6f3f4e-c8c5-ba67-97b3-afec6c7f3f07" executionId="3b7d52ba-06db-455f-a1d3-cbaa7ba87413" testListId="8c84fa94-04c1-424b-9868-57a2d4851a1d" />
    <TestEntry testId="5561c439-459f-0de6-c811-a0fe40ad59de" executionId="43ab464c-7d1f-4e8b-b74c-32410ec619f0" testListId="8c84fa94-04c1-424b-9868-57a2d4851a1d" />
  </TestEntries>
  <Results>
    <UnitTestResult executionId="7355ceb1-eb6c-4ec1-8016-51445754754a" testId="03a6c41c-65e0-f01c-ebea-30c16b57aeff" testName="inicializarmatrizTest" computerName="YOCASTA" duration="00:00:59.1160000" startTime="2012-06-25T12:52:22.0879967-05:00" endTime="2012-06-25T12:53:21.2039967-05:00" testType="13cdc9d9-ddb5-4fa4-a97d-d965ccfc6d4b" outcome="Aborted" testListId="8c84fa94-04c1-424b-9868-57a2d4851a1d" relativeResultsDirectory="7355ceb1-eb6c-4ec1-8016-51445754754a">
    </UnitTestResult>
    <UnitTestResult executionId="3b7d52ba-06db-455f-a1d3-cbaa7ba87413" testId="9d6f3f4e-c8c5-ba67-97b3-afec6c7f3f07" testName="pintarminaTest" computerName="YOCASTA" testType="13cdc9d9-ddb5-4fa4-a97d-d965ccfc6d4b" outcome="NotExecuted" testListId="8c84fa94-04c1-424b-9868-57a2d4851a1d" relativeResultsDirectory="3b7d52ba-06db-455f-a1d3-cbaa7ba87413">
    </UnitTestResult>
    <UnitTestResult executionId="43ab464c-7d1f-4e8b-b74c-32410ec619f0" testId="5561c439-459f-0de6-c811-a0fe40ad59de" testName="sumarTest" computerName="YOCASTA" testType="13cdc9d9-ddb5-4fa4-a97d-d965ccfc6d4b" outcome="NotExecuted" testListId="8c84fa94-04c1-424b-9868-57a2d4851a1d" relativeResultsDirectory="43ab464c-7d1f-4e8b-b74c-32410ec619f0">
    </UnitTestResult>
  </Results>
</TestRun>